Nov 27, 2017 7:37:54 AM org.apache.catalina.startup.VersionLoggerListener log
INFO: Server version:        Apache Tomcat/7.0.69
Nov 27, 2017 7:37:54 AM org.apache.catalina.startup.VersionLoggerListener log
INFO: Server built:          Apr 11 2016 07:57:09 UTC
Nov 27, 2017 7:37:54 AM org.apache.catalina.startup.VersionLoggerListener log
INFO: Server number:         7.0.69.0
Nov 27, 2017 7:37:54 AM org.apache.catalina.startup.VersionLoggerListener log
INFO: OS Name:               Windows 7
Nov 27, 2017 7:37:54 AM org.apache.catalina.startup.VersionLoggerListener log
INFO: OS Version:            6.1
Nov 27, 2017 7:37:54 AM org.apache.catalina.startup.VersionLoggerListener log
INFO: Architecture:          amd64
Nov 27, 2017 7:37:54 AM org.apache.catalina.startup.VersionLoggerListener log
INFO: Java Home:             C:\Program Files\Java\jdk1.8.0_151\jre
Nov 27, 2017 7:37:54 AM org.apache.catalina.startup.VersionLoggerListener log
INFO: JVM Version:           1.8.0_151-b12
Nov 27, 2017 7:37:54 AM org.apache.catalina.startup.VersionLoggerListener log
INFO: JVM Vendor:            Oracle Corporation
Nov 27, 2017 7:37:54 AM org.apache.catalina.startup.VersionLoggerListener log
INFO: CATALINA_BASE:         E:\SampleBuild\AplicationServer\apache-tomcat-7.0.69
Nov 27, 2017 7:37:54 AM org.apache.catalina.startup.VersionLoggerListener log
INFO: CATALINA_HOME:         E:\SampleBuild\AplicationServer\apache-tomcat-7.0.69
Nov 27, 2017 7:37:54 AM org.apache.catalina.startup.VersionLoggerListener log
INFO: Command line argument: -Djdk.tls.ephemeralDHKeySize=2048
Nov 27, 2017 7:37:54 AM org.apache.catalina.startup.VersionLoggerListener log
INFO: Command line argument: -Djava.util.logging.config.file=E:\SampleBuild\AplicationServer\apache-tomcat-7.0.69\conf\logging.properties
Nov 27, 2017 7:37:54 AM org.apache.catalina.startup.VersionLoggerListener log
INFO: Command line argument: -Djava.util.logging.manager=org.apache.juli.ClassLoaderLogManager
Nov 27, 2017 7:37:54 AM org.apache.catalina.startup.VersionLoggerListener log
INFO: Command line argument: -Djava.endorsed.dirs=E:\SampleBuild\AplicationServer\apache-tomcat-7.0.69\endorsed
Nov 27, 2017 7:37:54 AM org.apache.catalina.startup.VersionLoggerListener log
INFO: Command line argument: -Dcatalina.base=E:\SampleBuild\AplicationServer\apache-tomcat-7.0.69
Nov 27, 2017 7:37:54 AM org.apache.catalina.startup.VersionLoggerListener log
INFO: Command line argument: -Dcatalina.home=E:\SampleBuild\AplicationServer\apache-tomcat-7.0.69
Nov 27, 2017 7:37:54 AM org.apache.catalina.startup.VersionLoggerListener log
INFO: Command line argument: -Djava.io.tmpdir=E:\SampleBuild\AplicationServer\apache-tomcat-7.0.69\temp
Nov 27, 2017 7:37:54 AM org.apache.catalina.core.AprLifecycleListener lifecycleEvent
INFO: Loaded APR based Apache Tomcat Native library 1.1.33 using APR version 1.5.1.
Nov 27, 2017 7:37:54 AM org.apache.catalina.core.AprLifecycleListener lifecycleEvent
INFO: APR capabilities: IPv6 [true], sendfile [true], accept filters [false], random [true].
Nov 27, 2017 7:37:55 AM org.apache.catalina.core.AprLifecycleListener initializeSSL
INFO: OpenSSL successfully initialized (OpenSSL 1.0.1m 19 Mar 2015)
Nov 27, 2017 7:37:56 AM org.apache.coyote.AbstractProtocol init
INFO: Initializing ProtocolHandler ["http-apr-8080"]
Nov 27, 2017 7:37:56 AM org.apache.coyote.AbstractProtocol init
SEVERE: Failed to initialize end point associated with ProtocolHandler ["http-apr-8080"]
java.lang.Exception: Socket bind failed: [730013] An attempt was made to access a socket in a way forbidden by its access permissions.  
	at org.apache.tomcat.util.net.AprEndpoint.bind(AprEndpoint.java:470)
	at org.apache.tomcat.util.net.AbstractEndpoint.init(AbstractEndpoint.java:650)
	at org.apache.coyote.AbstractProtocol.init(AbstractProtocol.java:434)
	at org.apache.catalina.connector.Connector.initInternal(Connector.java:978)
	at org.apache.catalina.util.LifecycleBase.init(LifecycleBase.java:102)
	at org.apache.catalina.core.StandardService.initInternal(StandardService.java:560)
	at org.apache.catalina.util.LifecycleBase.init(LifecycleBase.java:102)
	at org.apache.catalina.core.StandardServer.initInternal(StandardServer.java:838)
	at org.apache.catalina.util.LifecycleBase.init(LifecycleBase.java:102)
	at org.apache.catalina.startup.Catalina.load(Catalina.java:642)
	at org.apache.catalina.startup.Catalina.load(Catalina.java:667)
	at sun.reflect.NativeMethodAccessorImpl.invoke0(Native Method)
	at sun.reflect.NativeMethodAccessorImpl.invoke(NativeMethodAccessorImpl.java:62)
	at sun.reflect.DelegatingMethodAccessorImpl.invoke(DelegatingMethodAccessorImpl.java:43)
	at java.lang.reflect.Method.invoke(Method.java:498)
	at org.apache.catalina.startup.Bootstrap.load(Bootstrap.java:253)
	at org.apache.catalina.startup.Bootstrap.main(Bootstrap.java:427)

Nov 27, 2017 7:37:56 AM org.apache.catalina.core.StandardService initInternal
SEVERE: Failed to initialize connector [Connector[HTTP/1.1-8080]]
org.apache.catalina.LifecycleException: Failed to initialize component [Connector[HTTP/1.1-8080]]
	at org.apache.catalina.util.LifecycleBase.init(LifecycleBase.java:106)
	at org.apache.catalina.core.StandardService.initInternal(StandardService.java:560)
	at org.apache.catalina.util.LifecycleBase.init(LifecycleBase.java:102)
	at org.apache.catalina.core.StandardServer.initInternal(StandardServer.java:838)
	at org.apache.catalina.util.LifecycleBase.init(LifecycleBase.java:102)
	at org.apache.catalina.startup.Catalina.load(Catalina.java:642)
	at org.apache.catalina.startup.Catalina.load(Catalina.java:667)
	at sun.reflect.NativeMethodAccessorImpl.invoke0(Native Method)
	at sun.reflect.NativeMethodAccessorImpl.invoke(NativeMethodAccessorImpl.java:62)
	at sun.reflect.DelegatingMethodAccessorImpl.invoke(DelegatingMethodAccessorImpl.java:43)
	at java.lang.reflect.Method.invoke(Method.java:498)
	at org.apache.catalina.startup.Bootstrap.load(Bootstrap.java:253)
	at org.apache.catalina.startup.Bootstrap.main(Bootstrap.java:427)
Caused by: org.apache.catalina.LifecycleException: Protocol handler initialization failed
	at org.apache.catalina.connector.Connector.initInternal(Connector.java:980)
	at org.apache.catalina.util.LifecycleBase.init(LifecycleBase.java:102)
	... 12 more
Caused by: java.lang.Exception: Socket bind failed: [730013] An attempt was made to access a socket in a way forbidden by its access permissions.  
	at org.apache.tomcat.util.net.AprEndpoint.bind(AprEndpoint.java:470)
	at org.apache.tomcat.util.net.AbstractEndpoint.init(AbstractEndpoint.java:650)
	at org.apache.coyote.AbstractProtocol.init(AbstractProtocol.java:434)
	at org.apache.catalina.connector.Connector.initInternal(Connector.java:978)
	... 13 more

Nov 27, 2017 7:37:56 AM org.apache.coyote.AbstractProtocol init
INFO: Initializing ProtocolHandler ["ajp-apr-8009"]
Nov 27, 2017 7:37:56 AM org.apache.catalina.startup.Catalina load
INFO: Initialization processed in 4056 ms
Nov 27, 2017 7:37:56 AM org.apache.catalina.core.StandardService startInternal
INFO: Starting service Catalina
Nov 27, 2017 7:37:56 AM org.apache.catalina.core.StandardEngine startInternal
INFO: Starting Servlet Engine: Apache Tomcat/7.0.69
Nov 27, 2017 7:37:56 AM org.apache.catalina.startup.HostConfig deployWAR
INFO: Deploying web application archive E:\SampleBuild\AplicationServer\apache-tomcat-7.0.69\webapps\hello.war
Nov 27, 2017 7:37:58 AM org.apache.catalina.util.SessionIdGeneratorBase createSecureRandom
INFO: Creation of SecureRandom instance for session ID generation using [SHA1PRNG] took [140] milliseconds.
Nov 27, 2017 7:37:58 AM org.apache.catalina.startup.HostConfig deployWAR
INFO: Deployment of web application archive E:\SampleBuild\AplicationServer\apache-tomcat-7.0.69\webapps\hello.war has finished in 1,216 ms
Nov 27, 2017 7:37:58 AM org.apache.catalina.startup.HostConfig deployDirectory
INFO: Deploying web application directory E:\SampleBuild\AplicationServer\apache-tomcat-7.0.69\webapps\docs
Nov 27, 2017 7:37:58 AM org.apache.catalina.startup.HostConfig deployDirectory
INFO: Deployment of web application directory E:\SampleBuild\AplicationServer\apache-tomcat-7.0.69\webapps\docs has finished in 125 ms
Nov 27, 2017 7:37:58 AM org.apache.catalina.startup.HostConfig deployDirectory
INFO: Deploying web application directory E:\SampleBuild\AplicationServer\apache-tomcat-7.0.69\webapps\examples
Nov 27, 2017 7:38:01 AM org.apache.catalina.startup.HostConfig deployDirectory
INFO: Deployment of web application directory E:\SampleBuild\AplicationServer\apache-tomcat-7.0.69\webapps\examples has finished in 3,682 ms
Nov 27, 2017 7:38:01 AM org.apache.catalina.startup.HostConfig deployDirectory
INFO: Deploying web application directory E:\SampleBuild\AplicationServer\apache-tomcat-7.0.69\webapps\ROOT
Nov 27, 2017 7:38:02 AM org.apache.catalina.startup.HostConfig deployDirectory
INFO: Deployment of web application directory E:\SampleBuild\AplicationServer\apache-tomcat-7.0.69\webapps\ROOT has finished in 125 ms
Nov 27, 2017 7:38:02 AM org.apache.coyote.AbstractProtocol start
INFO: Starting ProtocolHandler ["ajp-apr-8009"]
Nov 27, 2017 7:38:02 AM org.apache.catalina.startup.Catalina start
INFO: Server startup in 5364 ms
Nov 27, 2017 7:39:15 AM org.apache.coyote.AbstractProtocol pause
INFO: Pausing ProtocolHandler ["http-apr-8080"]
Nov 27, 2017 7:39:15 AM org.apache.coyote.AbstractProtocol pause
INFO: Pausing ProtocolHandler ["ajp-apr-8009"]
Nov 27, 2017 7:39:15 AM org.apache.catalina.core.StandardService stopInternal
INFO: Stopping service Catalina
Nov 27, 2017 7:39:15 AM org.apache.coyote.AbstractProtocol stop
INFO: Stopping ProtocolHandler ["ajp-apr-8009"]
Nov 27, 2017 7:39:15 AM org.apache.coyote.AbstractProtocol stop
INFO: Stopping ProtocolHandler ["http-apr-8080"]
Nov 27, 2017 7:39:15 AM org.apache.coyote.AbstractProtocol destroy
INFO: Destroying ProtocolHandler ["http-apr-8080"]
Nov 27, 2017 7:39:15 AM org.apache.coyote.AbstractProtocol destroy
INFO: Destroying ProtocolHandler ["ajp-apr-8009"]
Nov 27, 2017 7:39:51 AM org.apache.catalina.startup.VersionLoggerListener log
INFO: Server version:        Apache Tomcat/7.0.69
Nov 27, 2017 7:39:51 AM org.apache.catalina.startup.VersionLoggerListener log
INFO: Server built:          Apr 11 2016 07:57:09 UTC
Nov 27, 2017 7:39:51 AM org.apache.catalina.startup.VersionLoggerListener log
INFO: Server number:         7.0.69.0
Nov 27, 2017 7:39:51 AM org.apache.catalina.startup.VersionLoggerListener log
INFO: OS Name:               Windows 7
Nov 27, 2017 7:39:51 AM org.apache.catalina.startup.VersionLoggerListener log
INFO: OS Version:            6.1
Nov 27, 2017 7:39:51 AM org.apache.catalina.startup.VersionLoggerListener log
INFO: Architecture:          amd64
Nov 27, 2017 7:39:51 AM org.apache.catalina.startup.VersionLoggerListener log
INFO: Java Home:             C:\Program Files\Java\jdk1.8.0_151\jre
Nov 27, 2017 7:39:51 AM org.apache.catalina.startup.VersionLoggerListener log
INFO: JVM Version:           1.8.0_151-b12
Nov 27, 2017 7:39:51 AM org.apache.catalina.startup.VersionLoggerListener log
INFO: JVM Vendor:            Oracle Corporation
Nov 27, 2017 7:39:51 AM org.apache.catalina.startup.VersionLoggerListener log
INFO: CATALINA_BASE:         E:\SampleBuild\AplicationServer\apache-tomcat-7.0.69
Nov 27, 2017 7:39:51 AM org.apache.catalina.startup.VersionLoggerListener log
INFO: CATALINA_HOME:         E:\SampleBuild\AplicationServer\apache-tomcat-7.0.69
Nov 27, 2017 7:39:51 AM org.apache.catalina.startup.VersionLoggerListener log
INFO: Command line argument: -Djdk.tls.ephemeralDHKeySize=2048
Nov 27, 2017 7:39:51 AM org.apache.catalina.startup.VersionLoggerListener log
INFO: Command line argument: -Djava.util.logging.config.file=E:\SampleBuild\AplicationServer\apache-tomcat-7.0.69\conf\logging.properties
Nov 27, 2017 7:39:51 AM org.apache.catalina.startup.VersionLoggerListener log
INFO: Command line argument: -Djava.util.logging.manager=org.apache.juli.ClassLoaderLogManager
Nov 27, 2017 7:39:51 AM org.apache.catalina.startup.VersionLoggerListener log
INFO: Command line argument: -Djava.endorsed.dirs=E:\SampleBuild\AplicationServer\apache-tomcat-7.0.69\endorsed
Nov 27, 2017 7:39:51 AM org.apache.catalina.startup.VersionLoggerListener log
INFO: Command line argument: -Dcatalina.base=E:\SampleBuild\AplicationServer\apache-tomcat-7.0.69
Nov 27, 2017 7:39:51 AM org.apache.catalina.startup.VersionLoggerListener log
INFO: Command line argument: -Dcatalina.home=E:\SampleBuild\AplicationServer\apache-tomcat-7.0.69
Nov 27, 2017 7:39:51 AM org.apache.catalina.startup.VersionLoggerListener log
INFO: Command line argument: -Djava.io.tmpdir=E:\SampleBuild\AplicationServer\apache-tomcat-7.0.69\temp
Nov 27, 2017 7:39:51 AM org.apache.catalina.core.AprLifecycleListener lifecycleEvent
INFO: Loaded APR based Apache Tomcat Native library 1.1.33 using APR version 1.5.1.
Nov 27, 2017 7:39:51 AM org.apache.catalina.core.AprLifecycleListener lifecycleEvent
INFO: APR capabilities: IPv6 [true], sendfile [true], accept filters [false], random [true].
Nov 27, 2017 7:39:52 AM org.apache.catalina.core.AprLifecycleListener initializeSSL
INFO: OpenSSL successfully initialized (OpenSSL 1.0.1m 19 Mar 2015)
Nov 27, 2017 7:39:52 AM org.apache.coyote.AbstractProtocol init
INFO: Initializing ProtocolHandler ["http-apr-7070"]
Nov 27, 2017 7:39:52 AM org.apache.coyote.AbstractProtocol init
INFO: Initializing ProtocolHandler ["ajp-apr-8009"]
Nov 27, 2017 7:39:52 AM org.apache.catalina.startup.Catalina load
INFO: Initialization processed in 1435 ms
Nov 27, 2017 7:39:52 AM org.apache.catalina.core.StandardService startInternal
INFO: Starting service Catalina
Nov 27, 2017 7:39:52 AM org.apache.catalina.core.StandardEngine startInternal
INFO: Starting Servlet Engine: Apache Tomcat/7.0.69
Nov 27, 2017 7:39:52 AM org.apache.catalina.startup.HostConfig deployWAR
INFO: Deploying web application archive E:\SampleBuild\AplicationServer\apache-tomcat-7.0.69\webapps\hello.war
Nov 27, 2017 7:39:53 AM org.apache.catalina.startup.HostConfig deployWAR
INFO: Deployment of web application archive E:\SampleBuild\AplicationServer\apache-tomcat-7.0.69\webapps\hello.war has finished in 624 ms
Nov 27, 2017 7:39:53 AM org.apache.catalina.startup.HostConfig deployDirectory
INFO: Deploying web application directory E:\SampleBuild\AplicationServer\apache-tomcat-7.0.69\webapps\docs
Nov 27, 2017 7:39:53 AM org.apache.catalina.startup.HostConfig deployDirectory
INFO: Deployment of web application directory E:\SampleBuild\AplicationServer\apache-tomcat-7.0.69\webapps\docs has finished in 110 ms
Nov 27, 2017 7:39:53 AM org.apache.catalina.startup.HostConfig deployDirectory
INFO: Deploying web application directory E:\SampleBuild\AplicationServer\apache-tomcat-7.0.69\webapps\examples
Nov 27, 2017 7:39:54 AM org.apache.catalina.startup.HostConfig deployDirectory
INFO: Deployment of web application directory E:\SampleBuild\AplicationServer\apache-tomcat-7.0.69\webapps\examples has finished in 904 ms
Nov 27, 2017 7:39:54 AM org.apache.catalina.startup.HostConfig deployDirectory
INFO: Deploying web application directory E:\SampleBuild\AplicationServer\apache-tomcat-7.0.69\webapps\ROOT
Nov 27, 2017 7:39:54 AM org.apache.catalina.startup.HostConfig deployDirectory
INFO: Deployment of web application directory E:\SampleBuild\AplicationServer\apache-tomcat-7.0.69\webapps\ROOT has finished in 109 ms
Nov 27, 2017 7:39:54 AM org.apache.coyote.AbstractProtocol start
INFO: Starting ProtocolHandler ["http-apr-7070"]
Nov 27, 2017 7:39:54 AM org.apache.coyote.AbstractProtocol start
INFO: Starting ProtocolHandler ["ajp-apr-8009"]
Nov 27, 2017 7:39:54 AM org.apache.catalina.startup.Catalina start
INFO: Server startup in 1898 ms
